<?xml version="1.0" encoding="UTF-8"?>
<testng-results ignored="0" total="1" passed="1" failed="0" skipped="0">
  <reporter-output>
  </reporter-output>
  <suite started-at="2024-09-06T15:44:19 IST" name="Default suite" finished-at="2024-09-06T15:44:32 IST" duration-ms="13243">
    <groups>
    </groups>
    <test started-at="2024-09-06T15:44:19 IST" name="Default test" finished-at="2024-09-06T15:44:32 IST" duration-ms="13243">
      <class name="Test.Pupose.test">
        <test-method signature="xcc()[pri:0, instance:Test.Pupose.test@6973b51b]" started-at="2024-09-06T15:44:19 IST" name="xcc" finished-at="2024-09-06T15:44:32 IST" duration-ms="13179" status="PASS">
          <reporter-output>
          </reporter-output>
        </test-method> <!-- xcc -->
      </class> <!-- Test.Pupose.test -->
    </test> <!-- Default test -->
  </suite> <!-- Default suite -->
</testng-results>
